<?xml version="1.0" encoding="UTF-8"?>
<robot generated="20181126 20:27:55.514" generator="Robot 3.0.2 (Python 2.7.15 on win32)">
<suite source="C:\D\plc_system_test" id="s1" name="Plc System Test">
<suite source="C:\D\plc_system_test\tc.4.robot" id="s1-s1" name="Tc.4">
<test id="s1-s1-t1" name="tc_4.1">
<kw type="setup" name="Init Test" library="plc_tb_ctrl">
<msg timestamp="20181126 20:27:55.735" level="INFO">start detail logging</msg>
<status status="PASS" endtime="20181126 20:28:00.735" starttime="20181126 20:27:55.735"></status>
</kw>
<kw name="Run Iot Test" library="plc_tb_ctrl.PlcSystemTestbench">
<arguments>
<arg>tc_4_1</arg>
</arguments>
<msg timestamp="20181126 20:28:00.735" level="INFO">Close TB port</msg>
<msg timestamp="20181126 20:28:00.939" level="INFO">Open TB port</msg>
<msg timestamp="20181126 20:28:00.939" level="INFO">C:\D\plc_system_test\\</msg>
<msg timestamp="20181126 20:28:00.985" level="FAIL">Invalid variable syntax '{$band}'.</msg>
<msg timestamp="20181126 20:28:00.985" level="DEBUG">Traceback (most recent call last):
  File "C:\D\plc_system_test\lib\plc_tb_ctrl.py", line 346, in run_iot_test
    band = BuiltIn().get_variable_value("{$band}")
  File "C:\Program Files (x86)\python27\lib\site-packages\robot\libraries\BuiltIn.py", line 1331, in get_variable_value
    return self._variables[self._get_var_name(name)]
  File "C:\Program Files (x86)\python27\lib\site-packages\robot\libraries\BuiltIn.py", line 1536, in _get_var_name
    raise RuntimeError("Invalid variable syntax '%s'." % orig)</msg>
<status status="FAIL" endtime="20181126 20:28:00.985" starttime="20181126 20:28:00.735"></status>
</kw>
<kw type="teardown" name="Record Test Status" library="plc_tb_ctrl">
<msg timestamp="20181126 20:28:00.985" level="INFO">begin 5 seconds waiting before exit...</msg>
<msg timestamp="20181126 20:28:06.986" level="INFO">stop detail logging</msg>
<status status="PASS" endtime="20181126 20:28:06.986" starttime="20181126 20:28:00.985"></status>
</kw>
<status status="FAIL" endtime="20181126 20:28:06.986" critical="yes" starttime="20181126 20:27:55.735">Invalid variable syntax '{$band}'.</status>
</test>
<status status="FAIL" endtime="20181126 20:28:06.986" starttime="20181126 20:27:55.655"></status>
</suite>
<status status="FAIL" endtime="20181126 20:28:06.986" starttime="20181126 20:27:55.624"></status>
</suite>
<statistics>
<total>
<stat fail="1" pass="0">Critical Tests</stat>
<stat fail="1" pass="0">All Tests</stat>
</total>
<tag>
</tag>
<suite>
<stat fail="1" id="s1" name="Plc System Test" pass="0">Plc System Test</stat>
<stat fail="1" id="s1-s1" name="Tc.4" pass="0">Plc System Test.Tc.4</stat>
</suite>
</statistics>
<errors>
</errors>
</robot>
